<?xml version="1.0" encoding="UTF-8"?>
<!-- Generated by org.testng.reporters.JUnitReportReporter -->
<testsuite skipped="0" hostname="USLMARAKMISHRA4" name="RunnerClass.TestRunner" tests="2" failures="0" timestamp="13 Aug 2019 17:08:34 GMT" time="8.550" errors="0">
  <testcase name="runScenario" time="0.849" classname="RunnerClass.TestRunner"/>
  <testcase name="runScenario" time="7.701" classname="RunnerClass.TestRunner"/>
</testsuite> <!-- RunnerClass.TestRunner -->
