<?xml version="1.0" encoding="UTF-8"?>
<!-- Generated by org.testng.reporters.JUnitReportReporter -->
<testsuite skipped="0" hostname="USLMARAKMISHRA4" name="RunnerClass.TestRunner" tests="2" failures="0" timestamp="12 Aug 2019 03:45:36 GMT" time="7.466" errors="0">
  <testcase name="runScenario" time="6.669" classname="RunnerClass.TestRunner"/>
  <testcase name="runScenario" time="0.797" classname="RunnerClass.TestRunner"/>
</testsuite> <!-- RunnerClass.TestRunner -->
