<?xml version="1.0" encoding="UTF-8"?>
<!-- Generated by org.testng.reporters.JUnitReportReporter -->
<testsuite skipped="0" hostname="USLMARAKMISHRA4" name="RunnerClass.TestRunner" tests="2" failures="0" timestamp="12 Aug 2019 16:55:27 GMT" time="7.758" errors="0">
  <testcase name="runScenario" time="0.721" classname="RunnerClass.TestRunner"/>
  <testcase name="runScenario" time="7.037" classname="RunnerClass.TestRunner"/>
</testsuite> <!-- RunnerClass.TestRunner -->
