<?xml version="1.0" encoding="UTF-8"?>
<!-- Generated by org.testng.reporters.JUnitReportReporter -->
<testsuite skipped="0" hostname="USLMARAKMISHRA4" name="RunnerClass.TestRunner" tests="2" failures="0" timestamp="07 Aug 2019 20:09:59 GMT" time="4.479" errors="0">
  <testcase name="runScenario" time="0.681" classname="RunnerClass.TestRunner"/>
  <testcase name="runScenario" time="3.798" classname="RunnerClass.TestRunner"/>
</testsuite> <!-- RunnerClass.TestRunner -->
